  Application.cpp
C:\dev\pelikan\projectZPG\Camera.h(60,1): warning C4244: '+=': conversion from 'double' to 'float', possible loss of data
C:\dev\pelikan\projectZPG\Camera.h(61,1): warning C4244: '+=': conversion from 'double' to 'float', possible loss of data
C:\dev\pelikan\projectZPG\suzi_smooth.h(2911,1): warning C4305: 'initializing': truncation from 'double' to 'const float'
C:\dev\pelikan\projectZPG\sphere.h(2886,1): warning C4305: 'initializing': truncation from 'double' to 'const float'
C:\dev\pelikan\projectZPG\Application.cpp(200,12): warning C4101: 'model': unreferenced local variable
  CallbacksHandler.cpp
C:\dev\pelikan\projectZPG\Camera.h(60,1): warning C4244: '+=': conversion from 'double' to 'float', possible loss of data
C:\dev\pelikan\projectZPG\Camera.h(61,1): warning C4244: '+=': conversion from 'double' to 'float', possible loss of data
  Camera.cpp
C:\dev\pelikan\projectZPG\Camera.h(60,1): warning C4244: '+=': conversion from 'double' to 'float', possible loss of data
C:\dev\pelikan\projectZPG\Camera.h(61,1): warning C4244: '+=': conversion from 'double' to 'float', possible loss of data
  Light.cpp
  Object.cpp
  Observer.cpp
  Renderer.cpp
C:\dev\pelikan\projectZPG\Camera.h(60,1): warning C4244: '+=': conversion from 'double' to 'float', possible loss of data
C:\dev\pelikan\projectZPG\Camera.h(61,1): warning C4244: '+=': conversion from 'double' to 'float', possible loss of data
  Shader.cpp
C:\dev\pelikan\projectZPG\Camera.h(60,1): warning C4244: '+=': conversion from 'double' to 'float', possible loss of data
C:\dev\pelikan\projectZPG\Camera.h(61,1): warning C4244: '+=': conversion from 'double' to 'float', possible loss of data
  Source.cpp
C:\dev\pelikan\projectZPG\Camera.h(60,1): warning C4244: '+=': conversion from 'double' to 'float', possible loss of data
C:\dev\pelikan\projectZPG\Camera.h(61,1): warning C4244: '+=': conversion from 'double' to 'float', possible loss of data
  Subject.cpp
  Suzi.cpp
C:\dev\pelikan\projectZPG\suzi_smooth.h(2911,1): warning C4305: 'initializing': truncation from 'double' to 'const float'
  Generating Code...
LINK : warning LNK4098: defaultlib 'MSVCRT' conflicts with use of other libs; use /NODEFAULTLIB:library
  projectZPG.vcxproj -> C:\dev\pelikan\Debug\projectZPG.exe
