Source.obj : error LNK2019: unresolved external symbol __imp_glewInit referenced in function main
Source.obj : error LNK2019: unresolved external symbol __imp_glewGetString referenced in function main
Source.obj : error LNK2019: unresolved external symbol glfwInit referenced in function main
Source.obj : error LNK2019: unresolved external symbol glfwTerminate referenced in function main
Source.obj : error LNK2019: unresolved external symbol glfwGetVersion referenced in function main
Source.obj : error LNK2019: unresolved external symbol glfwSetErrorCallback referenced in function main
Source.obj : error LNK2019: unresolved external symbol glfwCreateWindow referenced in function main
Source.obj : error LNK2019: unresolved external symbol glfwDestroyWindow referenced in function main
Source.obj : error LNK2019: unresolved external symbol glfwWindowShouldClose referenced in function main
Source.obj : error LNK2019: unresolved external symbol glfwSetWindowShouldClose referenced in function "public: static void __cdecl Application::key_callback(struct GLFWwindow *,int,int,int,int)" (?key_callback@Application@@SAXPEAUGLFWwindow@@HHHH@Z)
Source.obj : error LNK2019: unresolved external symbol glfwGetFramebufferSize referenced in function main
Source.obj : error LNK2019: unresolved external symbol glfwSetWindowSizeCallback referenced in function main
Source.obj : error LNK2019: unresolved external symbol glfwSetWindowFocusCallback referenced in function main
Source.obj : error LNK2019: unresolved external symbol glfwSetWindowIconifyCallback referenced in function main
Source.obj : error LNK2019: unresolved external symbol glfwPollEvents referenced in function main
Source.obj : error LNK2019: unresolved external symbol glfwGetCursorPos referenced in function "public: void __cdecl Application::cursor_pos_callback(struct GLFWwindow *,double,double)" (?cursor_pos_callback@Application@@QEAAXPEAUGLFWwindow@@NN@Z)
Source.obj : error LNK2019: unresolved external symbol glfwSetKeyCallback referenced in function main
Source.obj : error LNK2019: unresolved external symbol glfwSetMouseButtonCallback referenced in function main
Source.obj : error LNK2019: unresolved external symbol glfwSetCursorPosCallback referenced in function main
Source.obj : error LNK2019: unresolved external symbol glfwMakeContextCurrent referenced in function main
Source.obj : error LNK2019: unresolved external symbol glfwSwapBuffers referenced in function main
Source.obj : error LNK2019: unresolved external symbol glfwSwapInterval referenced in function main
Source.obj : error LNK2019: unresolved external symbol __imp___glewBindBuffer referenced in function "public: __cdecl Object::Object(void)" (??0Object@@QEAA@XZ)
Source.obj : error LNK2019: unresolved external symbol __imp___glewBufferData referenced in function "public: __cdecl Object::Object(void)" (??0Object@@QEAA@XZ)
Source.obj : error LNK2019: unresolved external symbol __imp___glewGenBuffers referenced in function "public: __cdecl Object::Object(void)" (??0Object@@QEAA@XZ)
Source.obj : error LNK2019: unresolved external symbol __imp___glewAttachShader referenced in function "public: __cdecl Shader::Shader(char const *,char const *)" (??0Shader@@QEAA@PEBD0@Z)
Source.obj : error LNK2019: unresolved external symbol __imp___glewCompileShader referenced in function "public: __cdecl Shader::Shader(char const *,char const *)" (??0Shader@@QEAA@PEBD0@Z)
Source.obj : error LNK2019: unresolved external symbol __imp___glewCreateProgram referenced in function "public: __cdecl Shader::Shader(char const *,char const *)" (??0Shader@@QEAA@PEBD0@Z)
Source.obj : error LNK2019: unresolved external symbol __imp___glewCreateShader referenced in function "public: __cdecl Shader::Shader(char const *,char const *)" (??0Shader@@QEAA@PEBD0@Z)
Source.obj : error LNK2019: unresolved external symbol __imp___glewEnableVertexAttribArray referenced in function "public: __cdecl Object::Object(void)" (??0Object@@QEAA@XZ)
Source.obj : error LNK2019: unresolved external symbol __imp___glewGetProgramInfoLog referenced in function "public: __cdecl Shader::Shader(char const *,char const *)" (??0Shader@@QEAA@PEBD0@Z)
Source.obj : error LNK2019: unresolved external symbol __imp___glewGetProgramiv referenced in function "public: __cdecl Shader::Shader(char const *,char const *)" (??0Shader@@QEAA@PEBD0@Z)
Source.obj : error LNK2019: unresolved external symbol __imp___glewGetUniformLocation referenced in function "public: void __cdecl Shader::SetUniform(char const *,struct glm::mat<4,4,float,0> const &)" (?SetUniform@Shader@@QEAAXPEBDAEBU?$mat@$03$03M$0A@@glm@@@Z)
Source.obj : error LNK2019: unresolved external symbol __imp___glewLinkProgram referenced in function "public: __cdecl Shader::Shader(char const *,char const *)" (??0Shader@@QEAA@PEBD0@Z)
Source.obj : error LNK2019: unresolved external symbol __imp___glewShaderSource referenced in function "public: __cdecl Shader::Shader(char const *,char const *)" (??0Shader@@QEAA@PEBD0@Z)
Source.obj : error LNK2019: unresolved external symbol __imp___glewUniformMatrix4fv referenced in function "public: void __cdecl Shader::SetUniform(char const *,struct glm::mat<4,4,float,0> const &)" (?SetUniform@Shader@@QEAAXPEBDAEBU?$mat@$03$03M$0A@@glm@@@Z)
Source.obj : error LNK2019: unresolved external symbol __imp___glewUseProgram referenced in function "public: void __cdecl Shader::Bind(void)" (?Bind@Shader@@QEAAXXZ)
Source.obj : error LNK2019: unresolved external symbol __imp___glewVertexAttribPointer referenced in function "public: __cdecl Object::Object(void)" (??0Object@@QEAA@XZ)
Source.obj : error LNK2019: unresolved external symbol __imp___glewBindVertexArray referenced in function "public: __cdecl Object::Object(void)" (??0Object@@QEAA@XZ)
Source.obj : error LNK2019: unresolved external symbol __imp___glewGenVertexArrays referenced in function "public: __cdecl Object::Object(void)" (??0Object@@QEAA@XZ)
Source.obj : error LNK2019: unresolved external symbol __imp_glewExperimental referenced in function main
C:\dev\pelikan\Libr\glew\lib\Release\Win32\glew32.lib : warning LNK4272: library machine type 'x86' conflicts with target machine type 'x64'
C:\dev\pelikan\Libr\glfw\lib-vc2019\glfw3.lib : warning LNK4272: library machine type 'x86' conflicts with target machine type 'x64'
C:\dev\pelikan\x64\Debug\projectZPG.exe : fatal error LNK1120: 41 unresolved externals
